2026-06-14 18:29:44.700 [main] DEBUG c.i.l.b.service.DatabaseService - [transactionId=2efddc71-e898-4556-87cb-508ca69ec2fc] Fetching balance for account: 
2026-06-14 18:29:44.707 [main] ERROR c.i.l.b.service.DatabaseService - [transactionId=2efddc71-e898-4556-87cb-508ca69ec2fc] Database error while fetching balance for account: 
java.sql.SQLException: Invalid account identifier
	at com.iro.labs.banking.service.DatabaseService.simulateDatabaseAccess(DatabaseService.java:48)
	at com.iro.labs.banking.service.DatabaseService.getBalanceFromDatabase(DatabaseService.java:32)
	at com.iro.labs.banking.service.DatabaseServiceTest.lambda$testGetCauseReturnsOriginalSQLException$0(DatabaseServiceTest.java:31)
	at org.junit.jupiter.api.AssertThrows.assertThrows(AssertThrows.java:53)
	at org.junit.jupiter.api.AssertThrows.assertThrows(AssertThrows.java:35)
	at org.junit.jupiter.api.Assertions.assertThrows(Assertions.java:3111)
	at com.iro.labs.banking.service.DatabaseServiceTest.testGetCauseReturnsOriginalSQLException(DatabaseServiceTest.java:30)
	at java.base/jdk.internal.reflect.DirectMethodHandleAccessor.invoke(DirectMethodHandleAccessor.java:104)
	at java.base/java.lang.reflect.Method.invoke(Method.java:565)
	at org.junit.platform.commons.util.ReflectionUtils.invokeMethod(ReflectionUtils.java:728)
	at org.junit.jupiter.engine.execution.MethodInvocation.proceed(MethodInvocation.java:60)
	at org.junit.jupiter.engine.execution.InvocationInterceptorChain$ValidatingInvocation.proceed(InvocationInterceptorChain.java:131)
	at org.junit.jupiter.engine.extension.TimeoutExtension.intercept(TimeoutExtension.java:156)
	at org.junit.jupiter.engine.extension.TimeoutExtension.interceptTestableMethod(TimeoutExtension.java:147)
	at org.junit.jupiter.engine.extension.TimeoutExtension.interceptTestMethod(TimeoutExtension.java:86)
	at org.junit.jupiter.engine.execution.InterceptingExecutableInvoker$ReflectiveInterceptorCall.lambda$ofVoidMethod$0(InterceptingExecutableInvoker.java:103)
	at org.junit.jupiter.engine.execution.InterceptingExecutableInvoker.lambda$invoke$0(InterceptingExecutableInvoker.java:93)
	at org.junit.jupiter.engine.execution.InvocationInterceptorChain$InterceptedInvocation.proceed(InvocationInterceptorChain.java:106)
	at org.junit.jupiter.engine.execution.InvocationInterceptorChain.proceed(InvocationInterceptorChain.java:64)
	at org.junit.jupiter.engine.execution.InvocationInterceptorChain.chainAndInvoke(InvocationInterceptorChain.java:45)
	at org.junit.jupiter.engine.execution.InvocationInterceptorChain.invoke(InvocationInterceptorChain.java:37)
	at org.junit.jupiter.engine.execution.InterceptingExecutableInvoker.invoke(InterceptingExecutableInvoker.java:92)
	at org.junit.jupiter.engine.execution.InterceptingExecutableInvoker.invoke(InterceptingExecutableInvoker.java:86)
	at org.junit.jupiter.engine.descriptor.TestMethodTestDescriptor.lambda$invokeTestMethod$7(TestMethodTestDescriptor.java:218)
	at org.junit.platform.engine.support.hierarchical.ThrowableCollector.execute(ThrowableCollector.java:73)
	at org.junit.jupiter.engine.descriptor.TestMethodTestDescriptor.invokeTestMethod(TestMethodTestDescriptor.java:214)
	at org.junit.jupiter.engine.descriptor.TestMethodTestDescriptor.execute(TestMethodTestDescriptor.java:139)
	at org.junit.jupiter.engine.descriptor.TestMethodTestDescriptor.execute(TestMethodTestDescriptor.java:69)
	at org.junit.platform.engine.support.hierarchical.NodeTestTask.lambda$executeRecursively$6(NodeTestTask.java:151)
	at org.junit.platform.engine.support.hierarchical.ThrowableCollector.execute(ThrowableCollector.java:73)
	at org.junit.platform.engine.support.hierarchical.NodeTestTask.lambda$executeRecursively$8(NodeTestTask.java:141)
	at org.junit.platform.engine.support.hierarchical.Node.around(Node.java:137)
	at org.junit.platform.engine.support.hierarchical.NodeTestTask.lambda$executeRecursively$9(NodeTestTask.java:139)
	at org.junit.platform.engine.support.hierarchical.ThrowableCollector.execute(ThrowableCollector.java:73)
	at org.junit.platform.engine.support.hierarchical.NodeTestTask.executeRecursively(NodeTestTask.java:138)
	at org.junit.platform.engine.support.hierarchical.NodeTestTask.execute(NodeTestTask.java:95)
	at java.base/java.util.ArrayList.forEach(ArrayList.java:1604)
	at org.junit.platform.engine.support.hierarchical.SameThreadHierarchicalTestExecutorService.invokeAll(SameThreadHierarchicalTestExecutorService.java:41)
	at org.junit.platform.engine.support.hierarchical.NodeTestTask.lambda$executeRecursively$6(NodeTestTask.java:155)
	at org.junit.platform.engine.support.hierarchical.ThrowableCollector.execute(ThrowableCollector.java:73)
	at org.junit.platform.engine.support.hierarchical.NodeTestTask.lambda$executeRecursively$8(NodeTestTask.java:141)
	at org.junit.platform.engine.support.hierarchical.Node.around(Node.java:137)
	at org.junit.platform.engine.support.hierarchical.NodeTestTask.lambda$executeRecursively$9(NodeTestTask.java:139)
	at org.junit.platform.engine.support.hierarchical.ThrowableCollector.execute(ThrowableCollector.java:73)
	at org.junit.platform.engine.support.hierarchical.NodeTestTask.executeRecursively(NodeTestTask.java:138)
	at org.junit.platform.engine.support.hierarchical.NodeTestTask.execute(NodeTestTask.java:95)
	at java.base/java.util.ArrayList.forEach(ArrayList.java:1604)
	at org.junit.platform.engine.support.hierarchical.SameThreadHierarchicalTestExecutorService.invokeAll(SameThreadHierarchicalTestExecutorService.java:41)
	at org.junit.platform.engine.support.hierarchical.NodeTestTask.lambda$executeRecursively$6(NodeTestTask.java:155)
	at org.junit.platform.engine.support.hierarchical.ThrowableCollector.execute(ThrowableCollector.java:73)
	at org.junit.platform.engine.support.hierarchical.NodeTestTask.lambda$executeRecursively$8(NodeTestTask.java:141)
	at org.junit.platform.engine.support.hierarchical.Node.around(Node.java:137)
	at org.junit.platform.engine.support.hierarchical.NodeTestTask.lambda$executeRecursively$9(NodeTestTask.java:139)
	at org.junit.platform.engine.support.hierarchical.ThrowableCollector.execute(ThrowableCollector.java:73)
	at org.junit.platform.engine.support.hierarchical.NodeTestTask.executeRecursively(NodeTestTask.java:138)
	at org.junit.platform.engine.support.hierarchical.NodeTestTask.execute(NodeTestTask.java:95)
	at org.junit.platform.engine.support.hierarchical.SameThreadHierarchicalTestExecutorService.submit(SameThreadHierarchicalTestExecutorService.java:35)
	at org.junit.platform.engine.support.hierarchical.HierarchicalTestExecutor.execute(HierarchicalTestExecutor.java:57)
	at org.junit.platform.engine.support.hierarchical.HierarchicalTestEngine.execute(HierarchicalTestEngine.java:54)
	at org.junit.platform.launcher.core.EngineExecutionOrchestrator.execute(EngineExecutionOrchestrator.java:198)
	at org.junit.platform.launcher.core.EngineExecutionOrchestrator.execute(EngineExecutionOrchestrator.java:169)
	at org.junit.platform.launcher.core.EngineExecutionOrchestrator.execute(EngineExecutionOrchestrator.java:93)
	at org.junit.platform.launcher.core.EngineExecutionOrchestrator.lambda$execute$0(EngineExecutionOrchestrator.java:58)
	at org.junit.platform.launcher.core.EngineExecutionOrchestrator.withInterceptedStreams(EngineExecutionOrchestrator.java:141)
	at org.junit.platform.launcher.core.EngineExecutionOrchestrator.execute(EngineExecutionOrchestrator.java:57)
	at org.junit.platform.launcher.core.DefaultLauncher.execute(DefaultLauncher.java:103)
	at org.junit.platform.launcher.core.DefaultLauncher.execute(DefaultLauncher.java:85)
	at org.junit.platform.launcher.core.DelegatingLauncher.execute(DelegatingLauncher.java:47)
	at org.apache.maven.surefire.junitplatform.LazyLauncher.execute(LazyLauncher.java:55)
	at org.apache.maven.surefire.junitplatform.JUnitPlatformProvider.execute(JUnitPlatformProvider.java:223)
	at org.apache.maven.surefire.junitplatform.JUnitPlatformProvider.invokeAllTests(JUnitPlatformProvider.java:175)
	at org.apache.maven.surefire.junitplatform.JUnitPlatformProvider.invoke(JUnitPlatformProvider.java:139)
	at org.apache.maven.surefire.booter.ForkedBooter.runSuitesInProcess(ForkedBooter.java:456)
	at org.apache.maven.surefire.booter.ForkedBooter.execute(ForkedBooter.java:169)
	at org.apache.maven.surefire.booter.ForkedBooter.run(ForkedBooter.java:595)
	at org.apache.maven.surefire.booter.ForkedBooter.main(ForkedBooter.java:581)
2026-06-14 18:29:44.735 [main] DEBUG c.i.l.b.service.DatabaseService - [transactionId=aff45b78-cdea-4fb2-bb34-8bba63f757af] Fetching balance for account: b505da30-13bb-40c1-a52d-c21fdd02d3a2
2026-06-14 18:29:44.779 [main] DEBUG c.i.l.b.service.TransactionService - [transactionId=] Processing transfer from ACC001 to ACC002 for amount 100.00
2026-06-14 18:29:44.787 [main] DEBUG c.i.l.b.service.TransactionService - [transactionId=] Processing transfer from ACC001 to ACC002 for amount 2000.00
2026-06-14 18:29:44.797 [main] DEBUG c.i.l.b.service.TransactionService - [transactionId=] Processing transfer from ACC001 to ACC002 for amount 100.00
2026-06-14 18:29:44.802 [main] DEBUG c.i.l.b.service.TransactionService - [transactionId=] Processing transfer from ACC001 to ACC002 for amount 200.00
2026-06-14 18:29:44.804 [main] INFO  c.i.l.b.service.TransactionService - [transactionId=] Transfer completed. From: ACC001, To: ACC002, Amount: 200.00
2026-06-14 18:29:44.827 [main] DEBUG c.i.l.inventory.store.WarehouseStore - [transactionId=] Added item: da053006-ffde-4495-9269-483711fbbf6f
2026-06-14 18:29:44.835 [main] DEBUG c.i.l.inventory.store.WarehouseStore - [transactionId=] Added item: 55cac83a-3c22-4423-86e0-07a95509e6e3
2026-06-14 18:29:44.856 [main] DEBUG c.i.l.inventory.store.WarehouseStore - [transactionId=] Added item: 4df743cd-ce61-4d1a-9bd6-33cf1cc3e601
2026-06-14 18:29:44.859 [main] DEBUG c.i.l.inventory.store.WarehouseStore - [transactionId=] Added item: c8aae995-0448-45e0-97ff-f241b77eff6b
2026-06-14 18:29:44.860 [main] DEBUG c.i.l.inventory.store.WarehouseStore - [transactionId=] Added item: b695a0fb-d688-4fa2-9234-e6a014961c44
2026-06-14 18:29:44.869 [main] DEBUG c.i.l.inventory.store.WarehouseStore - [transactionId=] Added item: a6d01df7-c443-4c6e-9a80-d869ba8ef0a8
2026-06-14 18:29:44.870 [main] DEBUG c.i.l.inventory.store.WarehouseStore - [transactionId=] Removed item with id: a6d01df7-c443-4c6e-9a80-d869ba8ef0a8
2026-06-14 18:35:44.460 [com.iro.labs.inventory.demo.MainDemo.main()] DEBUG c.i.l.inventory.store.WarehouseStore - [transactionId=] Added item: dbcab070-8602-416b-91fd-03a4a38ed1bc
2026-06-14 18:35:44.466 [com.iro.labs.inventory.demo.MainDemo.main()] DEBUG c.i.l.inventory.store.WarehouseStore - [transactionId=] Added item: 7cad5327-f75f-4aa4-9816-c8df3db94cf9
2026-06-14 18:35:44.467 [com.iro.labs.inventory.demo.MainDemo.main()] DEBUG c.i.l.inventory.store.WarehouseStore - [transactionId=] Added item: 02f56d9a-e239-4983-8172-a461c30fb970
2026-06-14 18:35:44.468 [com.iro.labs.inventory.demo.MainDemo.main()] DEBUG c.i.l.inventory.store.WarehouseStore - [transactionId=] Added item: 4f3f89f9-e011-467f-a6d4-6f7b60a79d01
